

HI-TECH Software PIC LITE Macro Assembler V9.82 build 9453 
                                                                                               Sun May 05 22:58:32 2019

HI-TECH Software Omniscient Code Generator (Lite mode) build 9453
     1  0000                     opt subtitle "HI-TECH Software Omniscient Code Generator (Lite mode) build 9453"
     2                           
     3                           opt pagewidth 120
     4                           
     5                           	opt lm
     6                           
     7                           	processor	16F887
     8                           clrc	macro
     9                           	bcf	3,0
    10  0000                     	endm
    11                           clrz	macro
    12                           	bcf	3,2
    13  0000                     	endm
    14                           setc	macro
    15                           	bsf	3,0
    16  0000                     	endm
    17                           setz	macro
    18                           	bsf	3,2
    19  0000                     	endm
    20                           skipc	macro
    21                           	btfss	3,0
    22  0000                     	endm
    23                           skipz	macro
    24                           	btfss	3,2
    25  0000                     	endm
    26                           skipnc	macro
    27                           	btfsc	3,0
    28  0000                     	endm
    29                           skipnz	macro
    30                           	btfsc	3,2
    31  0000                     	endm
    32  0000                     indf	equ	0
    33  0000                     indf0	equ	0
    34  0002                     pc	equ	2
    35  0002                     pcl	equ	2
    36  0003                     status	equ	3
    37  0004                     fsr	equ	4
    38  0004                     fsr0	equ	4
    39  0001                     c	equ	1
    40  0000                     z	equ	0
    41  000A                     pclath	equ	10
    42                           # 4 "main.c"
    43                           	psect config,class=CONFIG,delta=2 ;#
    44                           # 4 "main.c"
    45  2007  30C4               	dw 0x3FFC & 0x3FF7 & 0x3FEF & 0x3FDF & 0x3FFF & 0x3FFF & 0x3CFF & 0x3BFF & 0x37FF ;#
    46                           	FNROOT	_main
    47                           	global	_advalue
    48                           	global	_ADCON0
    49                           psect	maintext,global,class=CODE,delta=2
    50                           global __pmaintext
    51  0775                     __pmaintext:
    52  001F                     _ADCON0	set	31
    53                           	global	_ADRESH
    54  001E                     _ADRESH	set	30
    55                           	global	_PORTC
    56  0007                     _PORTC	set	7
    57                           	global	_ADON
    58  00F8                     _ADON	set	248
    59                           	global	_CARRY
    60  0018                     _CARRY	set	24
    61                           	global	_GIE
    62  005F                     _GIE	set	95
    63                           	global	_GODONE
    64  00F9                     _GODONE	set	249
    65                           	global	_ADCON1
    66  009F                     _ADCON1	set	159
    67                           	global	_TRISA
    68  0085                     _TRISA	set	133
    69                           	global	_TRISC
    70  0087                     _TRISC	set	135
    71                           	global	_EEADR
    72  010D                     _EEADR	set	269
    73                           	global	_EEDATA
    74  010C                     _EEDATA	set	268
    75                           	global	_ANSEL
    76  0188                     _ANSEL	set	392
    77                           	global	_ANSELH
    78  0189                     _ANSELH	set	393
    79                           	global	_EECON1
    80  018C                     _EECON1	set	396
    81                           	global	_EECON2
    82  018D                     _EECON2	set	397
    83                           	global	_RD
    84  0C60                     _RD	set	3168
    85                           	global	_WR
    86  0C61                     _WR	set	3169
    87                           	global	_WREN
    88  0C62                     _WREN	set	3170
    89                           	file	"C:\Users\ACER\AppData\Local\Temp\s5aj4."
    90                           	line	#
    91                           psect cinit,class=CODE,delta=2
    92                           global start_initialization
    93  076F                     start_initialization:
    94                           
    95                           psect	bssCOMMON,class=COMMON,space=1
    96                           global __pbssCOMMON
    97  0070                     __pbssCOMMON:
    98  0070                     _advalue:
    99  0070                            ds      2
   100                           
   101                           ; Clear objects allocated to COMMON
   102                           psect cinit,class=CODE,delta=2
   103  076F  01F0               	clrf	((__pbssCOMMON)+0)&07Fh
   104  0770  01F1               	clrf	((__pbssCOMMON)+1)&07Fh
   105                           psect cinit,class=CODE,delta=2
   106                           global end_of_initialization
   107                           
   108                           ;End of C runtime variable initialization code
   109                           
   110  0771                     end_of_initialization:
   111  0771  0183               clrf status
   112  0772  120A  118A  2F75   ljmp _main	;jump to C main() function
   113                           psect	cstackCOMMON,class=COMMON,space=1
   114                           global __pcstackCOMMON
   115  0072                     __pcstackCOMMON:
   116                           	global	?_main
   117  0072                     ?_main:	; 0 bytes @ 0x0
   118                           	global	??_main
   119  0072                     ??_main:	; 0 bytes @ 0x0
   120  0072                     	ds	2
   121 ;;Data sizes: Strings 0, constant 0, data 0, bss 2, persistent 0 stack 0
   122 ;;Auto spaces:   Size  Autos    Used
   123 ;; COMMON          14      2       4
   124 ;; BANK0           80      0       0
   125 ;; BANK1           80      0       0
   126 ;; BANK3           96      0       0
   127 ;; BANK2           96      0       0
   128                           
   129 ;;
   130 ;; Pointer list with targets:
   131                           
   132                           
   133                           
   134 ;;
   135 ;; Critical Paths under _main in COMMON
   136 ;;
   137 ;;   None.
   138 ;;
   139 ;; Critical Paths under _main in BANK0
   140 ;;
   141 ;;   None.
   142 ;;
   143 ;; Critical Paths under _main in BANK1
   144 ;;
   145 ;;   None.
   146 ;;
   147 ;; Critical Paths under _main in BANK3
   148 ;;
   149 ;;   None.
   150 ;;
   151 ;; Critical Paths under _main in BANK2
   152 ;;
   153 ;;   None.
   154                           
   155 ;;
   156 ;;Main: autosize = 0, tempsize = 2, incstack = 0, save=0
   157 ;;
   158                           
   159 ;;
   160 ;;Call Graph Tables:
   161 ;;
   162 ;; ---------------------------------------------------------------------------------
   163 ;; (Depth) Function   	        Calls       Base Space   Used Autos Params    Refs
   164 ;; ---------------------------------------------------------------------------------
   165 ;; (0) _main                                                 2     2      0       0
   166 ;;                                              0 COMMON     2     2      0
   167 ;; ---------------------------------------------------------------------------------
   168 ;; Estimated maximum stack depth 0
   169 ;; ---------------------------------------------------------------------------------
   170                           
   171 ;; Call Graph Graphs:
   172                           
   173 ;; _main (ROOT)
   174 ;;
   175                           
   176 ;; Address spaces:
   177                           
   178 ;;Name               Size   Autos  Total    Cost      Usage
   179 ;;BITCOMMON            E      0       0       0        0.0%
   180 ;;EEDATA             100      0       0       0        0.0%
   181 ;;NULL                 0      0       0       0        0.0%
   182 ;;CODE                 0      0       0       0        0.0%
   183 ;;COMMON               E      2       4       1       28.6%
   184 ;;BITSFR0              0      0       0       1        0.0%
   185 ;;SFR0                 0      0       0       1        0.0%
   186 ;;BITSFR1              0      0       0       2        0.0%
   187 ;;SFR1                 0      0       0       2        0.0%
   188 ;;STACK                0      0       0       2        0.0%
   189 ;;ABS                  0      0       4       3        0.0%
   190 ;;BITBANK0            50      0       0       4        0.0%
   191 ;;BITSFR3              0      0       0       4        0.0%
   192 ;;SFR3                 0      0       0       4        0.0%
   193 ;;BANK0               50      0       0       5        0.0%
   194 ;;BITSFR2              0      0       0       5        0.0%
   195 ;;SFR2                 0      0       0       5        0.0%
   196 ;;BITBANK1            50      0       0       6        0.0%
   197 ;;BANK1               50      0       0       7        0.0%
   198 ;;BITBANK3            60      0       0       8        0.0%
   199 ;;BANK3               60      0       0       9        0.0%
   200 ;;BITBANK2            60      0       0      10        0.0%
   201 ;;BANK2               60      0       0      11        0.0%
   202 ;;DATA                 0      0       4      12        0.0%
   203                           
   204                           	global	_main
   205                           psect	maintext
   206                           
   207 ;; *************** function _main *****************
   208 ;; Defined at:
   209 ;;		line 13 in file "main.c"
   210 ;; Parameters:    Size  Location     Type
   211 ;;		None
   212 ;; Auto vars:     Size  Location     Type
   213 ;;		None
   214 ;; Return value:  Size  Location     Type
   215 ;;		None               void
   216 ;; Registers used:
   217 ;;		wreg, status,2, btemp+1
   218 ;; Tracked objects:
   219 ;;		On entry : 17F/0
   220 ;;		On exit  : 0/0
   221 ;;		Unchanged: 0/0
   222 ;; Data sizes:     COMMON   BANK0   BANK1   BANK3   BANK2
   223 ;;      Params:         0       0       0       0       0
   224 ;;      Locals:         0       0       0       0       0
   225 ;;      Temps:          2       0       0       0       0
   226 ;;      Totals:         2       0       0       0       0
   227 ;;Total ram usage:        2 bytes
   228 ;; This function calls:
   229 ;;		Nothing
   230 ;; This function is called by:
   231 ;;		Startup code after reset
   232 ;; This function uses a non-reentrant model
   233 ;;
   234                           psect	maintext
   235                           	file	"main.c"
   236                           	line	13
   237                           	global	__size_of_main
   238  008B                     	__size_of_main	equ	__end_of_main-_main
   239                           	
   240  0775                     _main:	
   241                           	opt	stack 8
   242                           ; Regs used in _main: [wreg+status,2+btemp+1]
   243                           	line	15
   244                           	
   245  0775                     l3061:	
   246                           ;main.c: 15: ANSEL = 0x01;
   247  0775  3001               	movlw	(01h)
   248  0776  1683               	bsf	status, 5	;RP0=1, select bank3
   249  0777  1703               	bsf	status, 6	;RP1=1, select bank3
   250  0778  0088               	movwf	(392)^0180h	;volatile
   251                           	line	16
   252                           	
   253  0779                     l3063:	
   254                           ;main.c: 16: ANSELH= 0x00;
   255  0779  0189               	clrf	(393)^0180h	;volatile
   256                           	line	17
   257                           	
   258  077A                     l3065:	
   259                           ;main.c: 17: TRISA = 0xFF;
   260  077A  30FF               	movlw	(0FFh)
   261  077B  1683               	bsf	status, 5	;RP0=1, select bank1
   262  077C  1303               	bcf	status, 6	;RP1=0, select bank1
   263  077D  0085               	movwf	(133)^080h	;volatile
   264                           	line	18
   265                           ;main.c: 18: TRISC = 0x00;
   266  077E  0187               	clrf	(135)^080h	;volatile
   267                           	line	19
   268                           	
   269  077F                     l3067:	
   270                           ;main.c: 19: ADCON0 = 0b11000000;
   271  077F  30C0               	movlw	(0C0h)
   272  0780  1283               	bcf	status, 5	;RP0=0, select bank0
   273  0781  1303               	bcf	status, 6	;RP1=0, select bank0
   274  0782  009F               	movwf	(31)	;volatile
   275                           	line	20
   276                           	
   277  0783                     l3069:	
   278                           ;main.c: 20: ADCON1 = 0x00;
   279  0783  1683               	bsf	status, 5	;RP0=1, select bank1
   280  0784  1303               	bcf	status, 6	;RP1=0, select bank1
   281  0785  019F               	clrf	(159)^080h	;volatile
   282                           	line	21
   283                           	
   284  0786                     l3071:	
   285                           ;main.c: 21: PORTC = 0x00;
   286  0786  1283               	bcf	status, 5	;RP0=0, select bank0
   287  0787  1303               	bcf	status, 6	;RP1=0, select bank0
   288  0788  0187               	clrf	(7)	;volatile
   289  0789  2F8A               	goto	l3073
   290                           	line	23
   291                           ;main.c: 23: while(1){
   292                           	
   293  078A                     l839:	
   294                           	line	24
   295                           	
   296  078A                     l3073:	
   297                           ;main.c: 24: ADON=1;
   298  078A  1283               	bcf	status, 5	;RP0=0, select bank0
   299  078B  1303               	bcf	status, 6	;RP1=0, select bank0
   300  078C  141F               	bsf	(248/8),(248)&7
   301                           	line	25
   302                           	
   303  078D                     l3075:	
   304                           ;main.c: 25: _nop();
   305  078D  0000               	nop
   306                           	line	26
   307                           	
   308  078E                     l3077:	
   309                           ;main.c: 26: _nop();
   310  078E  0000               	nop
   311                           	line	27
   312                           	
   313  078F                     l3079:	
   314                           ;main.c: 27: _nop();
   315  078F  0000               	nop
   316                           	line	28
   317                           	
   318  0790                     l3081:	
   319                           ;main.c: 28: _nop();
   320  0790  0000               	nop
   321                           	line	29
   322                           	
   323  0791                     l3083:	
   324                           ;main.c: 29: GODONE = 1;
   325  0791  1283               	bcf	status, 5	;RP0=0, select bank0
   326  0792  1303               	bcf	status, 6	;RP1=0, select bank0
   327  0793  149F               	bsf	(249/8),(249)&7
   328                           	line	30
   329                           ;main.c: 30: while (GODONE)
   330  0794  2F9D               	goto	l3087
   331                           	
   332  0795                     l841:	
   333                           	line	32
   334                           	
   335  0795                     l3085:	
   336                           ;main.c: 32: advalue = ADRESH;
   337  0795  081E               	movf	(30),w	;volatile
   338  0796  00F2               	movwf	(??_main+0)+0
   339  0797  01F3               	clrf	(??_main+0)+0+1
   340  0798  0872               	movf	0+(??_main+0)+0,w
   341  0799  00F0               	movwf	(_advalue)
   342  079A  0873               	movf	1+(??_main+0)+0,w
   343  079B  00F1               	movwf	(_advalue+1)
   344  079C  2F9D               	goto	l3087
   345                           	
   346  079D                     l840:	
   347                           	line	30
   348                           	
   349  079D                     l3087:	
   350  079D  189F               	btfsc	(249/8),(249)&7
   351  079E  2FA0               	goto	u2221
   352  079F  2FA1               	goto	u2220
   353  07A0                     u2221:
   354  07A0  2F95               	goto	l3085
   355  07A1                     u2220:
   356  07A1  2FA2               	goto	l3089
   357                           	
   358  07A2                     l842:	
   359                           	line	34
   360                           	
   361  07A2                     l3089:	
   362                           ;main.c: 34: if (advalue >30) PORTC = 0b00000001;;
   363  07A2  0871               	movf	(_advalue+1),w
   364  07A3  3A80               	xorlw	80h
   365  07A4  00FF               	movwf	btemp+1
   366  07A5  3080               	movlw	(high(01Fh))^80h
   367  07A6  027F               	subwf	btemp+1,w
   368  07A7  1D03               	skipz
   369  07A8  2FAB               	goto	u2235
   370  07A9  301F               	movlw	low(01Fh)
   371  07AA  0270               	subwf	(_advalue),w
   372  07AB                     u2235:
   373                           
   374  07AB  1C03               	skipc
   375  07AC  2FAE               	goto	u2231
   376  07AD  2FAF               	goto	u2230
   377  07AE                     u2231:
   378  07AE  2FB4               	goto	l3093
   379  07AF                     u2230:
   380                           	
   381  07AF                     l3091:	
   382  07AF  3001               	movlw	(01h)
   383  07B0  1283               	bcf	status, 5	;RP0=0, select bank0
   384  07B1  1303               	bcf	status, 6	;RP1=0, select bank0
   385  07B2  0087               	movwf	(7)	;volatile
   386  07B3  2FB4               	goto	l3093
   387                           	
   388  07B4                     l843:	
   389                           	line	37
   390                           	
   391  07B4                     l3093:	
   392                           ;main.c: 37: if (advalue >90) PORTC = 0b00000011;;
   393  07B4  0871               	movf	(_advalue+1),w
   394  07B5  3A80               	xorlw	80h
   395  07B6  00FF               	movwf	btemp+1
   396  07B7  3080               	movlw	(high(05Bh))^80h
   397  07B8  027F               	subwf	btemp+1,w
   398  07B9  1D03               	skipz
   399  07BA  2FBD               	goto	u2245
   400  07BB  305B               	movlw	low(05Bh)
   401  07BC  0270               	subwf	(_advalue),w
   402  07BD                     u2245:
   403                           
   404  07BD  1C03               	skipc
   405  07BE  2FC0               	goto	u2241
   406  07BF  2FC1               	goto	u2240
   407  07C0                     u2241:
   408  07C0  2FC6               	goto	l3097
   409  07C1                     u2240:
   410                           	
   411  07C1                     l3095:	
   412  07C1  3003               	movlw	(03h)
   413  07C2  1283               	bcf	status, 5	;RP0=0, select bank0
   414  07C3  1303               	bcf	status, 6	;RP1=0, select bank0
   415  07C4  0087               	movwf	(7)	;volatile
   416  07C5  2FC6               	goto	l3097
   417                           	
   418  07C6                     l844:	
   419                           	line	40
   420                           	
   421  07C6                     l3097:	
   422                           ;main.c: 40: if (advalue >150) PORTC = 0b00000111;;
   423  07C6  0871               	movf	(_advalue+1),w
   424  07C7  3A80               	xorlw	80h
   425  07C8  00FF               	movwf	btemp+1
   426  07C9  3080               	movlw	(high(097h))^80h
   427  07CA  027F               	subwf	btemp+1,w
   428  07CB  1D03               	skipz
   429  07CC  2FCF               	goto	u2255
   430  07CD  3097               	movlw	low(097h)
   431  07CE  0270               	subwf	(_advalue),w
   432  07CF                     u2255:
   433                           
   434  07CF  1C03               	skipc
   435  07D0  2FD2               	goto	u2251
   436  07D1  2FD3               	goto	u2250
   437  07D2                     u2251:
   438  07D2  2FD8               	goto	l3101
   439  07D3                     u2250:
   440                           	
   441  07D3                     l3099:	
   442  07D3  3007               	movlw	(07h)
   443  07D4  1283               	bcf	status, 5	;RP0=0, select bank0
   444  07D5  1303               	bcf	status, 6	;RP1=0, select bank0
   445  07D6  0087               	movwf	(7)	;volatile
   446  07D7  2FD8               	goto	l3101
   447                           	
   448  07D8                     l845:	
   449                           	line	43
   450                           	
   451  07D8                     l3101:	
   452                           ;main.c: 43: if (advalue > 210) PORTC = 0b00001111;;
   453  07D8  0871               	movf	(_advalue+1),w
   454  07D9  3A80               	xorlw	80h
   455  07DA  00FF               	movwf	btemp+1
   456  07DB  3080               	movlw	(high(0D3h))^80h
   457  07DC  027F               	subwf	btemp+1,w
   458  07DD  1D03               	skipz
   459  07DE  2FE1               	goto	u2265
   460  07DF  30D3               	movlw	low(0D3h)
   461  07E0  0270               	subwf	(_advalue),w
   462  07E1                     u2265:
   463                           
   464  07E1  1C03               	skipc
   465  07E2  2FE4               	goto	u2261
   466  07E3  2FE5               	goto	u2260
   467  07E4                     u2261:
   468  07E4  2FEA               	goto	l3105
   469  07E5                     u2260:
   470                           	
   471  07E5                     l3103:	
   472  07E5  300F               	movlw	(0Fh)
   473  07E6  1283               	bcf	status, 5	;RP0=0, select bank0
   474  07E7  1303               	bcf	status, 6	;RP1=0, select bank0
   475  07E8  0087               	movwf	(7)	;volatile
   476  07E9  2FEA               	goto	l3105
   477                           	
   478  07EA                     l846:	
   479                           	line	46
   480                           	
   481  07EA                     l3105:	
   482                           ;main.c: 46: if (advalue <= 30) PORTC = 0;
   483  07EA  0871               	movf	(_advalue+1),w
   484  07EB  3A80               	xorlw	80h
   485  07EC  00FF               	movwf	btemp+1
   486  07ED  3080               	movlw	(high(01Fh))^80h
   487  07EE  027F               	subwf	btemp+1,w
   488  07EF  1D03               	skipz
   489  07F0  2FF3               	goto	u2275
   490  07F1  301F               	movlw	low(01Fh)
   491  07F2  0270               	subwf	(_advalue),w
   492  07F3                     u2275:
   493                           
   494  07F3  1803               	skipnc
   495  07F4  2FF6               	goto	u2271
   496  07F5  2FF7               	goto	u2270
   497  07F6                     u2271:
   498  07F6  2F8A               	goto	l3073
   499  07F7                     u2270:
   500                           	
   501  07F7                     l3107:	
   502  07F7  1283               	bcf	status, 5	;RP0=0, select bank0
   503  07F8  1303               	bcf	status, 6	;RP1=0, select bank0
   504  07F9  0187               	clrf	(7)	;volatile
   505  07FA  2F8A               	goto	l3073
   506                           	
   507  07FB                     l847:	
   508  07FB  2F8A               	goto	l3073
   509                           	line	48
   510                           	
   511  07FC                     l848:	
   512                           	line	23
   513  07FC  2F8A               	goto	l3073
   514                           	
   515  07FD                     l849:	
   516                           	line	49
   517                           	
   518  07FD                     l850:	
   519                           	global	start
   520  07FD  120A  118A  2800   	ljmp	start
   521                           	opt stack 0
   522                           GLOBAL	__end_of_main
   523  0800                     	__end_of_main:
   524 ;; =============== function _main ends ============
   525                           
   526                           	signat	_main,88
   527                           psect	maintext
   528                           	global	btemp
   529  007E                     	btemp set 07Eh
   530                           
   531                           	DABS	1,126,2	;btemp
   532                           	global	wtemp0
   533  007E                     	wtemp0 set btemp


HI-TECH Software PICC Macro Assembler V9.82 build 9453 
Symbol Table                                                                                   Sun May 05 22:58:32 2019

                  _RD 0C60                    _WR 0C61                   l840 079D                   l841 0795  
                 l850 07FD                   l842 07A2                   l843 07B4                   l844 07C6  
                 l845 07D8                   l846 07EA                   l847 07FB                   l839 078A  
                 l848 07FC                   l849 07FD                   _GIE 005F                  l3101 07D8  
                l3103 07E5                  l3105 07EA                  l3107 07F7                  l3061 0775  
                l3071 0786                  l3063 0779                  l3081 0790                  l3073 078A  
                l3065 077A                  l3091 07AF                  l3083 0791                  l3075 078D  
                l3067 077F                  l3093 07B4                  l3085 0795                  l3077 078E  
                l3069 0783                  l3095 07C1                  l3087 079D                  l3079 078F  
                l3097 07C6                  l3089 07A2                  l3099 07D3                  _ADON 00F8  
                u2220 07A1                  u2221 07A0                  u2230 07AF                  u2231 07AE  
                u2240 07C1                  u2241 07C0                  u2250 07D3                  u2251 07D2  
                u2235 07AB                  u2260 07E5                  u2261 07E4                  u2245 07BD  
                u2270 07F7                  u2271 07F6                  u2255 07CF                  u2265 07E1  
                u2275 07F3                  _WREN 0C62                  _main 0775                  btemp 007E  
                start 0000                 ?_main 0072                 _EEADR 010D                 _CARRY 0018  
               _ANSEL 0188                 _PORTC 0007                 _TRISA 0085                 _TRISC 0087  
               status 0003                 wtemp0 007E          __end_of_main 0800                ??_main 0072  
              _ADCON0 001F                _ADCON1 009F                _ADRESH 001E                _EEDATA 010C  
              _EECON1 018C                _EECON2 018D                _ANSELH 0189                _GODONE 00F9  
      __pcstackCOMMON 0072            __pmaintext 0775               _advalue 0070  end_of_initialization 0771  
 start_initialization 076F           __pbssCOMMON 0070         __size_of_main 008B  
