

HI-TECH Software PIC LITE Macro Assembler V9.82 build 9453 
                                                                                               Sun May 05 21:43:16 2019

HI-TECH Software Omniscient Code Generator (Lite mode) build 9453
     1  0000                     opt subtitle "HI-TECH Software Omniscient Code Generator (Lite mode) build 9453"
     2                           
     3                           opt pagewidth 120
     4                           
     5                           	opt lm
     6                           
     7                           	processor	16F887
     8                           clrc	macro
     9                           	bcf	3,0
    10  0000                     	endm
    11                           clrz	macro
    12                           	bcf	3,2
    13  0000                     	endm
    14                           setc	macro
    15                           	bsf	3,0
    16  0000                     	endm
    17                           setz	macro
    18                           	bsf	3,2
    19  0000                     	endm
    20                           skipc	macro
    21                           	btfss	3,0
    22  0000                     	endm
    23                           skipz	macro
    24                           	btfss	3,2
    25  0000                     	endm
    26                           skipnc	macro
    27                           	btfsc	3,0
    28  0000                     	endm
    29                           skipnz	macro
    30                           	btfsc	3,2
    31  0000                     	endm
    32  0000                     indf	equ	0
    33  0000                     indf0	equ	0
    34  0002                     pc	equ	2
    35  0002                     pcl	equ	2
    36  0003                     status	equ	3
    37  0004                     fsr	equ	4
    38  0004                     fsr0	equ	4
    39  0001                     c	equ	1
    40  0000                     z	equ	0
    41  000A                     pclath	equ	10
    42                           # 3 "main.c"
    43                           	psect config,class=CONFIG,delta=2 ;#
    44                           # 3 "main.c"
    45  2007  E0D4               	dw 0xFFFC & 0xFFF7 & 0xFFFF & 0xFFDF & 0xFFFF & 0xFFFF & 0xFCFF & 0xFBFF & 0xF7FF & 0xE
                                 FFF & 0xFFFF ;#
    46                           # 4 "main.c"
    47                           	psect config,class=CONFIG,delta=2 ;#
    48                           # 4 "main.c"
    49  2008  FFFF               	dw 0xFFFF & 0xFFFF ;#
    50                           	FNROOT	_main
    51                           	global	_PORTC
    52                           psect	maintext,global,class=CODE,delta=2
    53                           global __pmaintext
    54  07E7                     __pmaintext:
    55  0007                     _PORTC	set	7
    56                           	global	_CARRY
    57  0018                     _CARRY	set	24
    58                           	global	_GIE
    59  005F                     _GIE	set	95
    60                           	global	_RA3
    61  002B                     _RA3	set	43
    62                           	global	_RC0
    63  0038                     _RC0	set	56
    64                           	global	_TRISA
    65  0085                     _TRISA	set	133
    66                           	global	_TRISC
    67  0087                     _TRISC	set	135
    68                           	global	_EEADR
    69  010D                     _EEADR	set	269
    70                           	global	_EEDATA
    71  010C                     _EEDATA	set	268
    72                           	global	_ANSEL
    73  0188                     _ANSEL	set	392
    74                           	global	_EECON1
    75  018C                     _EECON1	set	396
    76                           	global	_EECON2
    77  018D                     _EECON2	set	397
    78                           	global	_RD
    79  0C60                     _RD	set	3168
    80                           	global	_WR
    81  0C61                     _WR	set	3169
    82                           	global	_WREN
    83  0C62                     _WREN	set	3170
    84                           	file	"C:\Users\ACER\AppData\Local\Temp\s4jmc."
    85                           	line	#
    86                           psect cinit,class=CODE,delta=2
    87                           global start_initialization
    88  07E3                     start_initialization:
    89                           
    90                           psect cinit,class=CODE,delta=2
    91                           global end_of_initialization
    92                           
    93                           ;End of C runtime variable initialization code
    94                           
    95  07E3                     end_of_initialization:
    96  07E3  0183               clrf status
    97  07E4  120A  118A  2FE7   ljmp _main	;jump to C main() function
    98                           psect	cstackCOMMON,class=COMMON,space=1
    99                           global __pcstackCOMMON
   100  0000                     __pcstackCOMMON:
   101                           	global	?_main
   102  0000                     ?_main:	; 0 bytes @ 0x0
   103                           	global	??_main
   104  0000                     ??_main:	; 0 bytes @ 0x0
   105 ;;Data sizes: Strings 0, constant 0, data 0, bss 0, persistent 0 stack 0
   106 ;;Auto spaces:   Size  Autos    Used
   107 ;; COMMON          14      0       0
   108 ;; BANK0           80      0       0
   109 ;; BANK1           80      0       0
   110 ;; BANK3           96      0       0
   111 ;; BANK2           96      0       0
   112                           
   113 ;;
   114 ;; Pointer list with targets:
   115                           
   116                           
   117                           
   118 ;;
   119 ;; Critical Paths under _main in COMMON
   120 ;;
   121 ;;   None.
   122 ;;
   123 ;; Critical Paths under _main in BANK0
   124 ;;
   125 ;;   None.
   126 ;;
   127 ;; Critical Paths under _main in BANK1
   128 ;;
   129 ;;   None.
   130 ;;
   131 ;; Critical Paths under _main in BANK3
   132 ;;
   133 ;;   None.
   134 ;;
   135 ;; Critical Paths under _main in BANK2
   136 ;;
   137 ;;   None.
   138                           
   139 ;;
   140 ;;Main: autosize = 0, tempsize = 0, incstack = 0, save=0
   141 ;;
   142                           
   143 ;;
   144 ;;Call Graph Tables:
   145 ;;
   146 ;; ---------------------------------------------------------------------------------
   147 ;; (Depth) Function   	        Calls       Base Space   Used Autos Params    Refs
   148 ;; ---------------------------------------------------------------------------------
   149 ;; (0) _main                                                 0     0      0       0
   150 ;; ---------------------------------------------------------------------------------
   151 ;; Estimated maximum stack depth 0
   152 ;; ---------------------------------------------------------------------------------
   153                           
   154 ;; Call Graph Graphs:
   155                           
   156 ;; _main (ROOT)
   157 ;;
   158                           
   159 ;; Address spaces:
   160                           
   161 ;;Name               Size   Autos  Total    Cost      Usage
   162 ;;BITCOMMON            E      0       0       0        0.0%
   163 ;;EEDATA             100      0       0       0        0.0%
   164 ;;NULL                 0      0       0       0        0.0%
   165 ;;CODE                 0      0       0       0        0.0%
   166 ;;COMMON               E      0       0       1        0.0%
   167 ;;BITSFR0              0      0       0       1        0.0%
   168 ;;SFR0                 0      0       0       1        0.0%
   169 ;;BITSFR1              0      0       0       2        0.0%
   170 ;;SFR1                 0      0       0       2        0.0%
   171 ;;STACK                0      0       0       2        0.0%
   172 ;;ABS                  0      0       0       3        0.0%
   173 ;;BITBANK0            50      0       0       4        0.0%
   174 ;;BITSFR3              0      0       0       4        0.0%
   175 ;;SFR3                 0      0       0       4        0.0%
   176 ;;BANK0               50      0       0       5        0.0%
   177 ;;BITSFR2              0      0       0       5        0.0%
   178 ;;SFR2                 0      0       0       5        0.0%
   179 ;;BITBANK1            50      0       0       6        0.0%
   180 ;;BANK1               50      0       0       7        0.0%
   181 ;;BITBANK3            60      0       0       8        0.0%
   182 ;;BANK3               60      0       0       9        0.0%
   183 ;;BITBANK2            60      0       0      10        0.0%
   184 ;;BANK2               60      0       0      11        0.0%
   185 ;;DATA                 0      0       0      12        0.0%
   186                           
   187                           	global	_main
   188                           psect	maintext
   189                           
   190 ;; *************** function _main *****************
   191 ;; Defined at:
   192 ;;		line 6 in file "main.c"
   193 ;; Parameters:    Size  Location     Type
   194 ;;		None
   195 ;; Auto vars:     Size  Location     Type
   196 ;;		None
   197 ;; Return value:  Size  Location     Type
   198 ;;		None               void
   199 ;; Registers used:
   200 ;;		wreg, status,2
   201 ;; Tracked objects:
   202 ;;		On entry : 17F/0
   203 ;;		On exit  : 0/0
   204 ;;		Unchanged: 0/0
   205 ;; Data sizes:     COMMON   BANK0   BANK1   BANK3   BANK2
   206 ;;      Params:         0       0       0       0       0
   207 ;;      Locals:         0       0       0       0       0
   208 ;;      Temps:          0       0       0       0       0
   209 ;;      Totals:         0       0       0       0       0
   210 ;;Total ram usage:        0 bytes
   211 ;; This function calls:
   212 ;;		Nothing
   213 ;; This function is called by:
   214 ;;		Startup code after reset
   215 ;; This function uses a non-reentrant model
   216 ;;
   217                           psect	maintext
   218                           	file	"main.c"
   219                           	line	6
   220                           	global	__size_of_main
   221  0019                     	__size_of_main	equ	__end_of_main-_main
   222                           	
   223  07E7                     _main:	
   224                           	opt	stack 8
   225                           ; Regs used in _main: [wreg+status,2]
   226                           	line	7
   227                           	
   228  07E7                     l2383:	
   229                           ;main.c: 7: ANSEL = 0x00;
   230  07E7  1683               	bsf	status, 5	;RP0=1, select bank3
   231  07E8  1703               	bsf	status, 6	;RP1=1, select bank3
   232  07E9  0188               	clrf	(392)^0180h	;volatile
   233                           	line	8
   234                           ;main.c: 8: TRISC = 0x00;
   235  07EA  1683               	bsf	status, 5	;RP0=1, select bank1
   236  07EB  1303               	bcf	status, 6	;RP1=0, select bank1
   237  07EC  0187               	clrf	(135)^080h	;volatile
   238                           	line	9
   239                           	
   240  07ED                     l2385:	
   241                           ;main.c: 9: TRISA = 0xFF;
   242  07ED  30FF               	movlw	(0FFh)
   243  07EE  0085               	movwf	(133)^080h	;volatile
   244                           	line	10
   245                           	
   246  07EF                     l2387:	
   247                           ;main.c: 10: PORTC = 0x00;
   248  07EF  1283               	bcf	status, 5	;RP0=0, select bank0
   249  07F0  1303               	bcf	status, 6	;RP1=0, select bank0
   250  07F1  0187               	clrf	(7)	;volatile
   251  07F2  2FF3               	goto	l2389
   252                           	line	12
   253                           ;main.c: 12: while(1){
   254                           	
   255  07F3                     l1025:	
   256                           	line	13
   257                           	
   258  07F3                     l2389:	
   259                           ;main.c: 13: if (RA3 == 1){
   260  07F3  1D85               	btfss	(43/8),(43)&7
   261  07F4  2FF6               	goto	u11
   262  07F5  2FF7               	goto	u10
   263  07F6                     u11:
   264  07F6  2FF9               	goto	l1026
   265  07F7                     u10:
   266                           	line	14
   267                           	
   268  07F7                     l2391:	
   269                           ;main.c: 14: RC0 = 1;
   270  07F7  1407               	bsf	(56/8),(56)&7
   271                           	line	15
   272                           ;main.c: 15: }
   273  07F8  2FF3               	goto	l2389
   274                           	line	16
   275                           	
   276  07F9                     l1026:	
   277                           	line	17
   278                           ;main.c: 16: else{
   279                           ;main.c: 17: RC0 = 0;
   280  07F9  1007               	bcf	(56/8),(56)&7
   281  07FA  2FF3               	goto	l2389
   282                           	line	18
   283                           	
   284  07FB                     l1027:	
   285  07FB  2FF3               	goto	l2389
   286                           	line	19
   287                           	
   288  07FC                     l1028:	
   289                           	line	12
   290  07FC  2FF3               	goto	l2389
   291                           	
   292  07FD                     l1029:	
   293                           	line	20
   294                           	
   295  07FD                     l1030:	
   296                           	global	start
   297  07FD  120A  118A  2800   	ljmp	start
   298                           	opt stack 0
   299                           GLOBAL	__end_of_main
   300  0800                     	__end_of_main:
   301 ;; =============== function _main ends ============
   302                           
   303                           	signat	_main,88
   304                           psect	maintext
   305                           	global	btemp
   306  007E                     	btemp set 07Eh
   307                           
   308                           	DABS	1,126,2	;btemp
   309                           	global	wtemp0
   310  007E                     	wtemp0 set btemp


HI-TECH Software PICC Macro Assembler V9.82 build 9453 
Symbol Table                                                                                   Sun May 05 21:43:16 2019

                  _RD 0C60                    u10 07F7                    u11 07F6                    _WR 0C61  
                 _GIE 005F                   _RA3 002B                   _RC0 0038                  l1030 07FD  
                l1025 07F3                  l1026 07F9                  l1027 07FB                  l1028 07FC  
                l1029 07FD                  l2391 07F7                  l2383 07E7                  l2385 07ED  
                l2387 07EF                  l2389 07F3                  _WREN 0C62                  _main 07E7  
                btemp 007E                  start 0000                 ?_main 0000                 _EEADR 010D  
               _CARRY 0018                 _ANSEL 0188                 _PORTC 0007                 _TRISA 0085  
               _TRISC 0087                 status 0003                 wtemp0 007E          __end_of_main 0800  
              ??_main 0000                _EEDATA 010C                _EECON1 018C                _EECON2 018D  
      __pcstackCOMMON 0000            __pmaintext 07E7  end_of_initialization 07E3   start_initialization 07E3  
       __size_of_main 0019  
