

HI-TECH Software PIC LITE Macro Assembler V9.82 build 9453 
                                                                                               Sun May 05 20:59:20 2019

HI-TECH Software Omniscient Code Generator (Lite mode) build 9453
     1  0000                     opt subtitle "HI-TECH Software Omniscient Code Generator (Lite mode) build 9453"
     2                           
     3                           opt pagewidth 120
     4                           
     5                           	opt lm
     6                           
     7                           	processor	16F887
     8                           clrc	macro
     9                           	bcf	3,0
    10  0000                     	endm
    11                           clrz	macro
    12                           	bcf	3,2
    13  0000                     	endm
    14                           setc	macro
    15                           	bsf	3,0
    16  0000                     	endm
    17                           setz	macro
    18                           	bsf	3,2
    19  0000                     	endm
    20                           skipc	macro
    21                           	btfss	3,0
    22  0000                     	endm
    23                           skipz	macro
    24                           	btfss	3,2
    25  0000                     	endm
    26                           skipnc	macro
    27                           	btfsc	3,0
    28  0000                     	endm
    29                           skipnz	macro
    30                           	btfsc	3,2
    31  0000                     	endm
    32  0000                     indf	equ	0
    33  0000                     indf0	equ	0
    34  0002                     pc	equ	2
    35  0002                     pcl	equ	2
    36  0003                     status	equ	3
    37  0004                     fsr	equ	4
    38  0004                     fsr0	equ	4
    39  0001                     c	equ	1
    40  0000                     z	equ	0
    41  000A                     pclath	equ	10
    42                           # 3 "main.c"
    43                           	psect config,class=CONFIG,delta=2 ;#
    44                           # 3 "main.c"
    45  2007  E0D4               	dw 0xFFFC & 0xFFF7 & 0xFFFF & 0xFFDF & 0xFFFF & 0xFFFF & 0xFCFF & 0xFBFF & 0xF7FF & 0xE
                                 FFF & 0xFFFF ;#
    46                           # 4 "main.c"
    47                           	psect config,class=CONFIG,delta=2 ;#
    48                           # 4 "main.c"
    49  2008  FFFF               	dw 0xFFFF & 0xFFFF ;#
    50                           	FNROOT	_main
    51                           	global	_PORTC
    52                           psect	maintext,global,class=CODE,delta=2
    53                           global __pmaintext
    54  07F0                     __pmaintext:
    55  0007                     _PORTC	set	7
    56                           	global	_CARRY
    57  0018                     _CARRY	set	24
    58                           	global	_GIE
    59  005F                     _GIE	set	95
    60                           	global	_RC0
    61  0038                     _RC0	set	56
    62                           	global	_TRISC
    63  0087                     _TRISC	set	135
    64                           	global	_EEADR
    65  010D                     _EEADR	set	269
    66                           	global	_EEDATA
    67  010C                     _EEDATA	set	268
    68                           	global	_ANSEL
    69  0188                     _ANSEL	set	392
    70                           	global	_EECON1
    71  018C                     _EECON1	set	396
    72                           	global	_EECON2
    73  018D                     _EECON2	set	397
    74                           	global	_RD
    75  0C60                     _RD	set	3168
    76                           	global	_WR
    77  0C61                     _WR	set	3169
    78                           	global	_WREN
    79  0C62                     _WREN	set	3170
    80                           	file	"C:\Users\ACER\AppData\Local\Temp\s4cfo."
    81                           	line	#
    82                           psect cinit,class=CODE,delta=2
    83                           global start_initialization
    84  07EC                     start_initialization:
    85                           
    86                           psect cinit,class=CODE,delta=2
    87                           global end_of_initialization
    88                           
    89                           ;End of C runtime variable initialization code
    90                           
    91  07EC                     end_of_initialization:
    92  07EC  0183               clrf status
    93  07ED  120A  118A  2FF0   ljmp _main	;jump to C main() function
    94                           psect	cstackCOMMON,class=COMMON,space=1
    95                           global __pcstackCOMMON
    96  0000                     __pcstackCOMMON:
    97                           	global	?_main
    98  0000                     ?_main:	; 0 bytes @ 0x0
    99                           	global	??_main
   100  0000                     ??_main:	; 0 bytes @ 0x0
   101 ;;Data sizes: Strings 0, constant 0, data 0, bss 0, persistent 0 stack 0
   102 ;;Auto spaces:   Size  Autos    Used
   103 ;; COMMON          14      0       0
   104 ;; BANK0           80      0       0
   105 ;; BANK1           80      0       0
   106 ;; BANK3           96      0       0
   107 ;; BANK2           96      0       0
   108                           
   109 ;;
   110 ;; Pointer list with targets:
   111                           
   112                           
   113                           
   114 ;;
   115 ;; Critical Paths under _main in COMMON
   116 ;;
   117 ;;   None.
   118 ;;
   119 ;; Critical Paths under _main in BANK0
   120 ;;
   121 ;;   None.
   122 ;;
   123 ;; Critical Paths under _main in BANK1
   124 ;;
   125 ;;   None.
   126 ;;
   127 ;; Critical Paths under _main in BANK3
   128 ;;
   129 ;;   None.
   130 ;;
   131 ;; Critical Paths under _main in BANK2
   132 ;;
   133 ;;   None.
   134                           
   135 ;;
   136 ;;Main: autosize = 0, tempsize = 0, incstack = 0, save=0
   137 ;;
   138                           
   139 ;;
   140 ;;Call Graph Tables:
   141 ;;
   142 ;; ---------------------------------------------------------------------------------
   143 ;; (Depth) Function   	        Calls       Base Space   Used Autos Params    Refs
   144 ;; ---------------------------------------------------------------------------------
   145 ;; (0) _main                                                 0     0      0       0
   146 ;; ---------------------------------------------------------------------------------
   147 ;; Estimated maximum stack depth 0
   148 ;; ---------------------------------------------------------------------------------
   149                           
   150 ;; Call Graph Graphs:
   151                           
   152 ;; _main (ROOT)
   153 ;;
   154                           
   155 ;; Address spaces:
   156                           
   157 ;;Name               Size   Autos  Total    Cost      Usage
   158 ;;BITCOMMON            E      0       0       0        0.0%
   159 ;;EEDATA             100      0       0       0        0.0%
   160 ;;NULL                 0      0       0       0        0.0%
   161 ;;CODE                 0      0       0       0        0.0%
   162 ;;COMMON               E      0       0       1        0.0%
   163 ;;BITSFR0              0      0       0       1        0.0%
   164 ;;SFR0                 0      0       0       1        0.0%
   165 ;;BITSFR1              0      0       0       2        0.0%
   166 ;;SFR1                 0      0       0       2        0.0%
   167 ;;STACK                0      0       0       2        0.0%
   168 ;;ABS                  0      0       0       3        0.0%
   169 ;;BITBANK0            50      0       0       4        0.0%
   170 ;;BITSFR3              0      0       0       4        0.0%
   171 ;;SFR3                 0      0       0       4        0.0%
   172 ;;BANK0               50      0       0       5        0.0%
   173 ;;BITSFR2              0      0       0       5        0.0%
   174 ;;SFR2                 0      0       0       5        0.0%
   175 ;;BITBANK1            50      0       0       6        0.0%
   176 ;;BANK1               50      0       0       7        0.0%
   177 ;;BITBANK3            60      0       0       8        0.0%
   178 ;;BANK3               60      0       0       9        0.0%
   179 ;;BITBANK2            60      0       0      10        0.0%
   180 ;;BANK2               60      0       0      11        0.0%
   181 ;;DATA                 0      0       0      12        0.0%
   182                           
   183                           	global	_main
   184                           psect	maintext
   185                           
   186 ;; *************** function _main *****************
   187 ;; Defined at:
   188 ;;		line 6 in file "main.c"
   189 ;; Parameters:    Size  Location     Type
   190 ;;		None
   191 ;; Auto vars:     Size  Location     Type
   192 ;;		None
   193 ;; Return value:  Size  Location     Type
   194 ;;		None               void
   195 ;; Registers used:
   196 ;;		status,2
   197 ;; Tracked objects:
   198 ;;		On entry : 17F/0
   199 ;;		On exit  : 0/0
   200 ;;		Unchanged: 0/0
   201 ;; Data sizes:     COMMON   BANK0   BANK1   BANK3   BANK2
   202 ;;      Params:         0       0       0       0       0
   203 ;;      Locals:         0       0       0       0       0
   204 ;;      Temps:          0       0       0       0       0
   205 ;;      Totals:         0       0       0       0       0
   206 ;;Total ram usage:        0 bytes
   207 ;; This function calls:
   208 ;;		Nothing
   209 ;; This function is called by:
   210 ;;		Startup code after reset
   211 ;; This function uses a non-reentrant model
   212 ;;
   213                           psect	maintext
   214                           	file	"main.c"
   215                           	line	6
   216                           	global	__size_of_main
   217  0010                     	__size_of_main	equ	__end_of_main-_main
   218                           	
   219  07F0                     _main:	
   220                           	opt	stack 8
   221                           ; Regs used in _main: [status,2]
   222                           	line	7
   223                           	
   224  07F0                     l2381:	
   225                           ;main.c: 7: ANSEL = 0x00;
   226  07F0  1683               	bsf	status, 5	;RP0=1, select bank3
   227  07F1  1703               	bsf	status, 6	;RP1=1, select bank3
   228  07F2  0188               	clrf	(392)^0180h	;volatile
   229                           	line	8
   230                           ;main.c: 8: TRISC = 0x00;
   231  07F3  1683               	bsf	status, 5	;RP0=1, select bank1
   232  07F4  1303               	bcf	status, 6	;RP1=0, select bank1
   233  07F5  0187               	clrf	(135)^080h	;volatile
   234                           	line	9
   235                           ;main.c: 9: PORTC = 0x00;
   236  07F6  1283               	bcf	status, 5	;RP0=0, select bank0
   237  07F7  1303               	bcf	status, 6	;RP1=0, select bank0
   238  07F8  0187               	clrf	(7)	;volatile
   239  07F9  2FFA               	goto	l2383
   240                           	line	11
   241                           ;main.c: 11: while(1){
   242                           	
   243  07FA                     l1025:	
   244                           	line	12
   245                           	
   246  07FA                     l2383:	
   247                           ;main.c: 12: RC0 = 1;
   248  07FA  1407               	bsf	(56/8),(56)&7
   249  07FB  2FFA               	goto	l2383
   250                           	line	13
   251                           	
   252  07FC                     l1026:	
   253                           	line	11
   254  07FC  2FFA               	goto	l2383
   255                           	
   256  07FD                     l1027:	
   257                           	line	14
   258                           	
   259  07FD                     l1028:	
   260                           	global	start
   261  07FD  120A  118A  2800   	ljmp	start
   262                           	opt stack 0
   263                           GLOBAL	__end_of_main
   264  0800                     	__end_of_main:
   265 ;; =============== function _main ends ============
   266                           
   267                           	signat	_main,88
   268                           psect	maintext
   269                           	global	btemp
   270  007E                     	btemp set 07Eh
   271                           
   272                           	DABS	1,126,2	;btemp
   273                           	global	wtemp0
   274  007E                     	wtemp0 set btemp


HI-TECH Software PICC Macro Assembler V9.82 build 9453 
Symbol Table                                                                                   Sun May 05 20:59:20 2019

                  _RD 0C60                    _WR 0C61                   _GIE 005F                   _RC0 0038  
                l1025 07FA                  l1026 07FC                  l1027 07FD                  l1028 07FD  
                l2381 07F0                  l2383 07FA                  _WREN 0C62                  _main 07F0  
                btemp 007E                  start 0000                 ?_main 0000                 _EEADR 010D  
               _CARRY 0018                 _ANSEL 0188                 _PORTC 0007                 _TRISC 0087  
               status 0003                 wtemp0 007E          __end_of_main 0800                ??_main 0000  
              _EEDATA 010C                _EECON1 018C                _EECON2 018D        __pcstackCOMMON 0000  
          __pmaintext 07F0  end_of_initialization 07EC   start_initialization 07EC         __size_of_main 0010  
